#
# There is insufficient memory for the Java Runtime Environment to continue.
# Native memory allocation (mmap) failed to map 266338304 bytes for G1 virtual space
# Possible reasons:
#   The system is out of physical RAM or swap space
#   The process is running with CompressedOops enabled, and the Java Heap may be blocking the growth of the native heap
# Possible solutions:
#   Reduce memory load on the system
#   Increase physical memory or swap space
#   Check if swap backing store is full
#   Decrease Java heap size (-Xmx/-Xms)
#   Decrease number of Java threads
#   Decrease Java thread stack sizes (-Xss)
#   Set larger code cache with -XX:ReservedCodeCacheSize=
#   JVM is running with Zero Based Compressed Oops mode in which the Java heap is
#     placed in the first 32GB address space. The Java Heap base address is the
#     maximum limit for the native heap growth. Please use -XX:HeapBaseMinAddress
#     to set the Java Heap base and to place the Java Heap above 32GB virtual address.
# This output file may be truncated or incomplete.
#
#  Out of Memory Error (os_windows.cpp:3548), pid=47984, tid=17440
#
# JRE version:  (17.0.5+8) (build )
# Java VM: OpenJDK 64-Bit Server VM (17.0.5+8, mixed mode, sharing, tiered, compressed oops, compressed class ptrs, g1 gc, windows-amd64)
# No core dump will be written. Minidumps are not enabled by default on client versions of Windows
#

---------------  S U M M A R Y ------------

Command Line: -Dfile.encoding=UTF-8 --module-path=C:\Users\Aravind\eclipse-workspace\BankinngSystem\bin;C:\Users\Aravind\Downloads\jcalendar-tz-1.3.3-4.jar\jcalendar-tz-1.3.3-4.jar;C:\Users\Aravind\Downloads\mysql-connector-java-8.0.30.jar -XX:+ShowCodeDetailsInExceptionMessages -Djdk.module.main=BankinngSystem BankinngSystem/bankingSystem.Externaltransaction

Host: 11th Gen Intel(R) Core(TM) i5-1135G7 @ 2.40GHz, 8 cores, 15G,  Windows 11 , 64 bit Build 22621 (10.0.22621.1635)
Time: Thu Jun  8 23:57:40 2023 Romance Daylight Time elapsed time: 0.009440 seconds (0d 0h 0m 0s)

---------------  T H R E A D  ---------------

Current thread (0x000001803f43c7d0):  JavaThread "Unknown thread" [_thread_in_vm, id=17440, stack(0x000000064dc00000,0x000000064dd00000)]

Stack: [0x000000064dc00000,0x000000064dd00000]
Native frames: (J=compiled Java code, j=interpreted, Vv=VM code, C=native code)
V  [jvm.dll+0x676b3a]
V  [jvm.dll+0x831444]
V  [jvm.dll+0x832bee]
V  [jvm.dll+0x833253]
V  [jvm.dll+0x244ce5]
V  [jvm.dll+0x673a49]
V  [jvm.dll+0x66811a]
V  [jvm.dll+0x303ceb]
V  [jvm.dll+0x30b1e6]
V  [jvm.dll+0x35adbe]
V  [jvm.dll+0x35afef]
V  [jvm.dll+0x2dab88]
V  [jvm.dll+0x2dbaf4]
V  [jvm.dll+0x803121]
V  [jvm.dll+0x368bb1]
V  [jvm.dll+0x7e265c]
V  [jvm.dll+0x3eb17f]
V  [jvm.dll+0x3eccc1]
C  [jli.dll+0x5267]
C  [ucrtbase.dll+0x29363]
C  [KERNEL32.DLL+0x126ad]
C  [ntdll.dll+0x5a9f8]


---------------  P R O C E S S  ---------------

Threads class SMR info:
_java_thread_list=0x00007ffe08362f18, length=0, elements={
}

Java Threads: ( => current thread )

Other Threads:
  0x000001803f4a7f40 GCTaskThread "GC Thread#0" [stack: 0x000000064dd00000,0x000000064de00000] [id=48656]
  0x000001803f4b8ad0 ConcurrentGCThread "G1 Main Marker" [stack: 0x000000064de00000,0x000000064df00000] [id=47624]
  0x000001803f4b9de0 ConcurrentGCThread "G1 Conc#0" [stack: 0x000000064df00000,0x000000064e000000] [id=17940]

[error occurred during error reporting (printing all threads), id 0xc0000005, EXCEPTION_ACCESS_VIOLATION (0xc0000005) at pc=0x00007ffe07b3b617]

VM state: not at safepoint (not fully initialized)

VM Mutex/Monitor currently owned by a thread:  ([mutex/lock_event])
[0x000001803f439f90] Heap_lock - owner thread: 0x000001803f43c7d0

Heap address: 0x0000000703a00000, size: 4038 MB, Compressed Oops mode: Zero based, Oop shift amount: 3

CDS archive(s) mapped at: [0x0000000000000000-0x0000000000000000-0x0000000000000000), size 0, SharedBaseAddress: 0x0000000800000000, ArchiveRelocationMode: 0.
Narrow klass base: 0x0000000000000000, Narrow klass shift: 0, Narrow klass range: 0x0

GC Precious Log:
<Empty>

Heap:
 garbage-first heap   total 0K, used 0K [0x0000000703a00000, 0x0000000800000000)
  region size 2048K, 0 young (0K), 0 survivors (0K)

[error occurred during error reporting (printing heap information), id 0xc0000005, EXCEPTION_ACCESS_VIOLATION (0xc0000005) at pc=0x00007ffe07f1fcb9]

GC Heap History (0 events):
No events

Dll operation events (1 events):
Event: 0.005 Loaded shared library C:\Users\Aravind\.p2\pool\plugins\org.eclipse.justj.openjdk.hotspot.jre.full.win32.x86_64_17.0.5.v20221102-0933\jre\bin\java.dll

Deoptimization events (0 events):
No events

Classes unloaded (0 events):
No events

Classes redefined (0 events):
No events

Internal exceptions (0 events):
No events

VM Operations (0 events):
No events

Events (0 events):
No events


Dynamic libraries:
0x00007ff7f7220000 - 0x00007ff7f722e000 	C:\Users\Aravind\.p2\pool\plugins\org.eclipse.justj.openjdk.hotspot.jre.full.win32.x86_64_17.0.5.v20221102-0933\jre\bin\javaw.exe
0x00007ffeae070000 - 0x00007ffeae284000 	C:\WINDOWS\SYSTEM32\ntdll.dll
0x00007ffeac7a0000 - 0x00007ffeac862000 	C:\WINDOWS\System32\KERNEL32.DLL
0x00007ffeab490000 - 0x00007ffeab833000 	C:\WINDOWS\System32\KERNELBASE.dll
0x00007ffeabd50000 - 0x00007ffeabe61000 	C:\WINDOWS\System32\ucrtbase.dll
0x00007ffea3ce0000 - 0x00007ffea3cf9000 	C:\Users\Aravind\.p2\pool\plugins\org.eclipse.justj.openjdk.hotspot.jre.full.win32.x86_64_17.0.5.v20221102-0933\jre\bin\VCRUNTIME140.dll
0x00007ffe95ca0000 - 0x00007ffe95cb7000 	C:\Users\Aravind\.p2\pool\plugins\org.eclipse.justj.openjdk.hotspot.jre.full.win32.x86_64_17.0.5.v20221102-0933\jre\bin\jli.dll
0x00007ffeac880000 - 0x00007ffeaca2b000 	C:\WINDOWS\System32\USER32.dll
0x00007ffeab9a0000 - 0x00007ffeab9c6000 	C:\WINDOWS\System32\win32u.dll
0x00007ffeabe70000 - 0x00007ffeabe99000 	C:\WINDOWS\System32\GDI32.dll
0x00007ffe828c0000 - 0x00007ffe82b4e000 	C:\WINDOWS\WinSxS\amd64_microsoft.windows.common-controls_6595b64144ccf1df_6.0.22621.1635_none_270f70857386168e\COMCTL32.dll
0x00007ffeabb40000 - 0x00007ffeabc58000 	C:\WINDOWS\System32\gdi32full.dll
0x00007ffeabec0000 - 0x00007ffeabf67000 	C:\WINDOWS\System32\msvcrt.dll
0x00007ffeab900000 - 0x00007ffeab99a000 	C:\WINDOWS\System32\msvcp_win.dll
0x00007ffead5d0000 - 0x00007ffead601000 	C:\WINDOWS\System32\IMM32.DLL
0x00007ffea3cd0000 - 0x00007ffea3cdc000 	C:\Users\Aravind\.p2\pool\plugins\org.eclipse.justj.openjdk.hotspot.jre.full.win32.x86_64_17.0.5.v20221102-0933\jre\bin\vcruntime140_1.dll
0x00007ffe91fa0000 - 0x00007ffe92031000 	C:\Users\Aravind\.p2\pool\plugins\org.eclipse.justj.openjdk.hotspot.jre.full.win32.x86_64_17.0.5.v20221102-0933\jre\bin\msvcp140.dll
0x00007ffe07850000 - 0x00007ffe08494000 	C:\Users\Aravind\.p2\pool\plugins\org.eclipse.justj.openjdk.hotspot.jre.full.win32.x86_64_17.0.5.v20221102-0933\jre\bin\server\jvm.dll
0x00007ffead440000 - 0x00007ffead4ee000 	C:\WINDOWS\System32\ADVAPI32.dll
0x00007ffeac3e0000 - 0x00007ffeac484000 	C:\WINDOWS\System32\sechost.dll
0x00007ffeaca30000 - 0x00007ffeacb47000 	C:\WINDOWS\System32\RPCRT4.dll
0x00007ffe9f5d0000 - 0x00007ffe9f5da000 	C:\WINDOWS\SYSTEM32\VERSION.dll
0x00007ffe7d6d0000 - 0x00007ffe7d6d9000 	C:\WINDOWS\SYSTEM32\WSOCK32.dll
0x00007ffea0430000 - 0x00007ffea0464000 	C:\WINDOWS\SYSTEM32\WINMM.dll
0x00007ffeabf70000 - 0x00007ffeabfe1000 	C:\WINDOWS\System32\WS2_32.dll
0x00007ffeaa5d0000 - 0x00007ffeaa5e8000 	C:\WINDOWS\SYSTEM32\kernel.appcore.dll
0x00007ffe6a660000 - 0x00007ffe6a66a000 	C:\Users\Aravind\.p2\pool\plugins\org.eclipse.justj.openjdk.hotspot.jre.full.win32.x86_64_17.0.5.v20221102-0933\jre\bin\jimage.dll
0x00007ffea8a10000 - 0x00007ffea8c3e000 	C:\WINDOWS\SYSTEM32\DBGHELP.DLL
0x00007ffeadbf0000 - 0x00007ffeadf79000 	C:\WINDOWS\System32\combase.dll
0x00007ffead4f0000 - 0x00007ffead5c7000 	C:\WINDOWS\System32\OLEAUT32.dll
0x00007ffe99e50000 - 0x00007ffe99e82000 	C:\WINDOWS\SYSTEM32\dbgcore.DLL
0x00007ffeabc60000 - 0x00007ffeabcdb000 	C:\WINDOWS\System32\bcryptPrimitives.dll
0x00007ffe67580000 - 0x00007ffe675a5000 	C:\Users\Aravind\.p2\pool\plugins\org.eclipse.justj.openjdk.hotspot.jre.full.win32.x86_64_17.0.5.v20221102-0933\jre\bin\java.dll

dbghelp: loaded successfully - version: 4.0.5 - missing functions: none
symbol engine: initialized successfully - sym options: 0x614 - pdb path: .;C:\Users\Aravind\.p2\pool\plugins\org.eclipse.justj.openjdk.hotspot.jre.full.win32.x86_64_17.0.5.v20221102-0933\jre\bin;C:\WINDOWS\SYSTEM32;C:\WINDOWS\WinSxS\amd64_microsoft.windows.common-controls_6595b64144ccf1df_6.0.22621.1635_none_270f70857386168e;C:\Users\Aravind\.p2\pool\plugins\org.eclipse.justj.openjdk.hotspot.jre.full.win32.x86_64_17.0.5.v20221102-0933\jre\bin\server

VM Arguments:
jvm_args: -Dfile.encoding=UTF-8 --module-path=C:\Users\Aravind\eclipse-workspace\BankinngSystem\bin;C:\Users\Aravind\Downloads\jcalendar-tz-1.3.3-4.jar\jcalendar-tz-1.3.3-4.jar;C:\Users\Aravind\Downloads\mysql-connector-java-8.0.30.jar -XX:+ShowCodeDetailsInExceptionMessages -Djdk.module.main=BankinngSystem 
java_command: BankinngSystem/bankingSystem.Externaltransaction
java_class_path (initial): <not set>
Launcher Type: SUN_STANDARD

[Global flags]
     intx CICompilerCount                          = 4                                         {product} {ergonomic}
     uint ConcGCThreads                            = 2                                         {product} {ergonomic}
     uint G1ConcRefinementThreads                  = 8                                         {product} {ergonomic}
   size_t G1HeapRegionSize                         = 2097152                                   {product} {ergonomic}
    uintx GCDrainStackTargetSize                   = 64                                        {product} {ergonomic}
   size_t InitialHeapSize                          = 266338304                                 {product} {ergonomic}
   size_t MarkStackSize                            = 4194304                                   {product} {ergonomic}
   size_t MaxHeapSize                              = 4234149888                                {product} {ergonomic}
   size_t MinHeapDeltaBytes                        = 2097152                                   {product} {ergonomic}
   size_t MinHeapSize                              = 8388608                                   {product} {ergonomic}
    uintx NonNMethodCodeHeapSize                   = 5839372                                {pd product} {ergonomic}
    uintx NonProfiledCodeHeapSize                  = 122909434                              {pd product} {ergonomic}
    uintx ProfiledCodeHeapSize                     = 122909434                              {pd product} {ergonomic}
    uintx ReservedCodeCacheSize                    = 251658240                              {pd product} {ergonomic}
     bool SegmentedCodeCache                       = true                                      {product} {ergonomic}
     bool ShowCodeDetailsInExceptionMessages       = true                                   {manageable} {command line}
   size_t SoftMaxHeapSize                          = 4234149888                             {manageable} {ergonomic}
     bool UseCompressedClassPointers               = true                           {product lp64_product} {ergonomic}
     bool UseCompressedOops                        = true                           {product lp64_product} {ergonomic}
     bool UseG1GC                                  = true                                      {product} {ergonomic}
     bool UseLargePagesIndividualAllocation        = false                                  {pd product} {ergonomic}

Logging:
Log output configuration:
 #0: stdout all=warning uptime,level,tags
 #1: stderr all=off uptime,level,tags

Environment Variables:
JAVA_HOME=C:\Program Files\Java\jre1.8.0_351
PATH=C:/Users/Aravind/.p2/pool/plugins/org.eclipse.justj.openjdk.hotspot.jre.full.win32.x86_64_17.0.5.v20221102-0933/jre/bin/server;C:/Users/Aravind/.p2/pool/plugins/org.eclipse.justj.openjdk.hotspot.jre.full.win32.x86_64_17.0.5.v20221102-0933/jre/bin;C:\Users\Aravind\Downloads\WINDOWS.X64_213000_db_home\bin;C:\app\Aravind\product\21c\dbhomeXE\bin;C:\Program Files (x86)\Common Files\Oracle\Java\javapath;C:\windows\system32;C:\windows;C:\windows\System32\Wbem;C:\windows\System32\WindowsPowerShell\v1.0\;C:\windows\System32\OpenSSH\;C:\Program Files (x86)\NVIDIA Corporation\PhysX\Common;C:\Program Files\NVIDIA Corporation\NVIDIA NvDLISR;C:\WINDOWS\system32;C:\WINDOWS;C:\WINDOWS\System32\Wbem;C:\WINDOWS\System32\WindowsPowerShell\v1.0\;C:\WINDOWS\System32\OpenSSH\;C:\Program Files (x86)\IVI Foundation\VISA\WinNT\Bin\;C:\Program Files\IVI Foundation\VISA\Win64\Bin\;C:\Program Files (x86)\National Instruments\Shared\LabVIEW CLI;C:\Program Files (x86)\IVI Foundation\VISA\WinNT\Bin;C:\Program Files\Microsoft SQL Server\150\Tools\Binn\;C:\Program Files\dotnet\;C:\Program Files\Java\jre1.8.0_351\bin;C:\Program Files\MySQL\MySQL Shell 8.0\bin\;C:\Users\Aravind\AppData\Local\Microsoft\WindowsApps;;C:\Users\Aravind\AppData\Local\Programs\Microsoft VS Code\bin;C:\Program Files\Multipass\bin;C:\Users\Aravind\.dotnet\tools;C:\WINDOWS\system32;
USERNAME=Aravind
OS=Windows_NT
PROCESSOR_IDENTIFIER=Intel64 Family 6 Model 140 Stepping 1, GenuineIntel
TMP=C:\Users\Aravind\AppData\Local\Temp
TEMP=C:\Users\Aravind\AppData\Local\Temp



---------------  S Y S T E M  ---------------

OS:
 Windows 11 , 64 bit Build 22621 (10.0.22621.1635)
OS uptime: 6 days 23:02 hours

CPU: total 8 (initial active 8) (4 cores per cpu, 2 threads per core) family 6 model 140 stepping 1 microcode 0xa4, cx8, cmov, fxsr, ht, mmx, 3dnowpref, sse, sse2, sse3, ssse3, sse4.1, sse4.2, popcnt, lzcnt, tsc, tscinvbit, avx, avx2, aes, erms, clmul, bmi1, bmi2, adx, avx512f, avx512dq, avx512cd, avx512bw, avx512vl, sha, fma, vzeroupper, avx512_vpopcntdq, avx512_vpclmulqdq, avx512_vaes, avx512_vnni, clflush, clflushopt, clwb, avx512_vbmi2, avx512_vbmi

Memory: 4k page, system-wide physical 16149M (863M free)
TotalPageFile size 65237M (AvailPageFile size 149M)
current process WorkingSet (physical memory assigned to process): 11M, peak: 11M
current process commit charge ("private bytes"): 60M, peak: 314M

vm_info: OpenJDK 64-Bit Server VM (17.0.5+8) for windows-amd64 JRE (17.0.5+8), built on Oct 19 2022 04:48:13 by "temurin" with MS VC++ 16.7 (VS2019)

END.
